::1 - - [01/Oct/2020:21:31:38 +0000] "POST /login HTTP/1.1" 401 12 "-" "PostmanRuntime/7.26.5"
::1 - - [01/Oct/2020:21:32:01 +0000] "POST /users/login HTTP/1.1" 401 12 "-" "PostmanRuntime/7.26.5"
::1 - - [01/Oct/2020:21:33:12 +0000] "POST /users/login HTTP/1.1" 401 12 "-" "PostmanRuntime/7.26.5"
::1 - - [01/Oct/2020:21:34:18 +0000] "POST /users/login HTTP/1.1" 401 12 "-" "PostmanRuntime/7.26.5"
::1 - - [01/Oct/2020:21:35:34 +0000] "POST /users/login HTTP/1.1" 200 170 "-" "PostmanRuntime/7.26.5"
::1 - - [01/Oct/2020:21:37:32 +0000] "POST /users/login HTTP/1.1" 200 170 "-" "PostmanRuntime/7.26.5"
::1 - - [01/Oct/2020:21:42:08 +0000] "POST /users/login HTTP/1.1" 200 340 "-" "PostmanRuntime/7.26.5"
::1 - - [06/Oct/2020:18:37:20 +0000] "GET /users/ HTTP/1.1" 200 23 "-" "Mozilla/5.0 (Macintosh; Intel Mac OS X 10_15_6) AppleWebKit/537.36 (KHTML, like Gecko) Chrome/85.0.4183.121 Safari/537.36"
::1 - - [06/Oct/2020:19:34:02 +0000] "GET / HTTP/1.1" 500 1642 "-" "Mozilla/5.0 (Macintosh; Intel Mac OS X 10_15_6) AppleWebKit/537.36 (KHTML, like Gecko) Chrome/85.0.4183.121 Safari/537.36"
::1 - - [06/Oct/2020:19:34:12 +0000] "GET /users HTTP/1.1" 200 23 "-" "Mozilla/5.0 (Macintosh; Intel Mac OS X 10_15_6) AppleWebKit/537.36 (KHTML, like Gecko) Chrome/85.0.4183.121 Safari/537.36"
::1 - - [06/Oct/2020:19:34:28 +0000] "GET /users HTTP/1.1" 304 - "-" "Mozilla/5.0 (Macintosh; Intel Mac OS X 10_15_6) AppleWebKit/537.36 (KHTML, like Gecko) Chrome/85.0.4183.121 Safari/537.36"
::1 - - [06/Oct/2020:19:36:03 +0000] "GET /users HTTP/1.1" 304 - "-" "Mozilla/5.0 (Macintosh; Intel Mac OS X 10_15_6) AppleWebKit/537.36 (KHTML, like Gecko) Chrome/85.0.4183.121 Safari/537.36"
::1 - - [06/Oct/2020:19:37:34 +0000] "GET /users HTTP/1.1" 304 - "-" "Mozilla/5.0 (Macintosh; Intel Mac OS X 10_15_6) AppleWebKit/537.36 (KHTML, like Gecko) Chrome/85.0.4183.121 Safari/537.36"
::1 - - [06/Oct/2020:19:40:28 +0000] "GET /users HTTP/1.1" 304 - "-" "Mozilla/5.0 (Macintosh; Intel Mac OS X 10_15_6) AppleWebKit/537.36 (KHTML, like Gecko) Chrome/85.0.4183.121 Safari/537.36"
::1 - - [06/Oct/2020:19:40:53 +0000] "GET /users HTTP/1.1" 304 - "-" "Mozilla/5.0 (Macintosh; Intel Mac OS X 10_15_6) AppleWebKit/537.36 (KHTML, like Gecko) Chrome/85.0.4183.121 Safari/537.36"
::1 - - [06/Oct/2020:19:45:23 +0000] "GET / HTTP/1.1" 200 9 "-" "Mozilla/5.0 (Macintosh; Intel Mac OS X 10_15_6) AppleWebKit/537.36 (KHTML, like Gecko) Chrome/85.0.4183.121 Safari/537.36"
::1 - - [06/Oct/2020:19:45:41 +0000] "GET / HTTP/1.1" 304 - "-" "Mozilla/5.0 (Macintosh; Intel Mac OS X 10_15_6) AppleWebKit/537.36 (KHTML, like Gecko) Chrome/85.0.4183.121 Safari/537.36"
::1 - - [06/Oct/2020:19:46:28 +0000] "GET / HTTP/1.1" 304 - "-" "Mozilla/5.0 (Macintosh; Intel Mac OS X 10_15_6) AppleWebKit/537.36 (KHTML, like Gecko) Chrome/85.0.4183.121 Safari/537.36"
::1 - - [06/Oct/2020:20:00:35 +0000] "GET / HTTP/1.1" 500 1613 "-" "Mozilla/5.0 (Macintosh; Intel Mac OS X 10_15_6) AppleWebKit/537.36 (KHTML, like Gecko) Chrome/85.0.4183.121 Safari/537.36"
::1 - - [06/Oct/2020:20:02:09 +0000] "GET / HTTP/1.1" 200 9 "-" "Mozilla/5.0 (Macintosh; Intel Mac OS X 10_15_6) AppleWebKit/537.36 (KHTML, like Gecko) Chrome/85.0.4183.121 Safari/537.36"
::1 - - [06/Oct/2020:20:02:21 +0000] "GET /users HTTP/1.1" 304 - "-" "Mozilla/5.0 (Macintosh; Intel Mac OS X 10_15_6) AppleWebKit/537.36 (KHTML, like Gecko) Chrome/85.0.4183.121 Safari/537.36"
::1 - - [06/Oct/2020:20:21:22 +0000] "GET /users HTTP/1.1" 304 - "-" "Mozilla/5.0 (Macintosh; Intel Mac OS X 10_15_6) AppleWebKit/537.36 (KHTML, like Gecko) Chrome/85.0.4183.121 Safari/537.36"
::1 - - [06/Oct/2020:20:30:45 +0000] "POST /users/register HTTP/1.1" - - "-" "PostmanRuntime/7.26.5"
::1 - - [06/Oct/2020:20:35:49 +0000] "POST /users/register HTTP/1.1" - - "-" "PostmanRuntime/7.26.5"
::1 - - [06/Oct/2020:20:36:35 +0000] "POST /users/register HTTP/1.1" - - "-" "PostmanRuntime/7.26.5"
::1 - - [06/Oct/2020:20:45:13 +0000] "POST /users/register HTTP/1.1" - - "-" "PostmanRuntime/7.26.5"
::1 - - [06/Oct/2020:20:45:26 +0000] "POST /users/register HTTP/1.1" - - "-" "PostmanRuntime/7.26.5"
::1 - - [06/Oct/2020:20:45:39 +0000] "POST /users/register HTTP/1.1" 500 21 "-" "PostmanRuntime/7.26.5"
::1 - - [06/Oct/2020:20:46:34 +0000] "POST /users/register HTTP/1.1" 500 21 "-" "PostmanRuntime/7.26.5"
::1 - - [06/Oct/2020:20:55:13 +0000] "POST /users/register HTTP/1.1" 500 21 "-" "PostmanRuntime/7.26.5"
::1 - - [06/Oct/2020:20:55:28 +0000] "POST /users/register HTTP/1.1" 500 21 "-" "PostmanRuntime/7.26.5"
::1 - - [06/Oct/2020:20:59:39 +0000] "POST /users/register HTTP/1.1" 500 21 "-" "PostmanRuntime/7.26.5"
::1 - - [06/Oct/2020:21:33:21 +0000] "POST /users/register HTTP/1.1" 500 21 "-" "PostmanRuntime/7.26.5"
::1 - - [07/Oct/2020:03:44:00 +0000] "POST /users/register HTTP/1.1" - - "-" "PostmanRuntime/7.26.5"
::1 - - [07/Oct/2020:03:47:58 +0000] "POST /users/register HTTP/1.1" 200 2 "-" "PostmanRuntime/7.26.5"
::1 - - [07/Oct/2020:04:08:51 +0000] "POST /users/login HTTP/1.1" 200 1176 "-" "PostmanRuntime/7.26.5"
::1 - - [07/Oct/2020:04:10:44 +0000] "POST /users/login HTTP/1.1" 200 75 "-" "PostmanRuntime/7.26.5"
::1 - - [07/Oct/2020:04:11:47 +0000] "POST /users/login HTTP/1.1" 200 94 "-" "PostmanRuntime/7.26.5"
::1 - - [07/Oct/2020:23:16:52 +0000] "POST /users/login HTTP/1.1" - - "-" "PostmanRuntime/7.26.5"
::1 - - [07/Oct/2020:23:19:47 +0000] "POST /users/login HTTP/1.1" - - "-" "PostmanRuntime/7.26.5"
::1 - - [07/Oct/2020:23:22:11 +0000] "POST /users/login HTTP/1.1" - - "-" "PostmanRuntime/7.26.5"
::1 - - [07/Oct/2020:23:23:13 +0000] "POST /users/login HTTP/1.1" - - "-" "PostmanRuntime/7.26.5"
::1 - - [07/Oct/2020:23:24:22 +0000] "POST /users/login HTTP/1.1" - - "-" "PostmanRuntime/7.26.5"
::1 - - [07/Oct/2020:23:26:22 +0000] "POST /users/login HTTP/1.1" - - "-" "PostmanRuntime/7.26.5"
::1 - - [07/Oct/2020:23:28:08 +0000] "POST /users/login HTTP/1.1" - - "-" "PostmanRuntime/7.26.5"
::1 - - [07/Oct/2020:23:29:55 +0000] "POST /users/login HTTP/1.1" - - "-" "PostmanRuntime/7.26.5"
::1 - - [07/Oct/2020:23:30:42 +0000] "POST /users/login HTTP/1.1" - - "-" "PostmanRuntime/7.26.5"
::1 - - [07/Oct/2020:23:32:44 +0000] "POST /users/login HTTP/1.1" - - "-" "PostmanRuntime/7.26.5"
::1 - - [07/Oct/2020:23:34:21 +0000] "POST /users/login HTTP/1.1" - - "-" "PostmanRuntime/7.26.5"
::1 - - [07/Oct/2020:23:35:34 +0000] "POST /users/login HTTP/1.1" - - "-" "PostmanRuntime/7.26.5"
::1 - - [07/Oct/2020:23:38:03 +0000] "POST /users/login HTTP/1.1" - - "-" "PostmanRuntime/7.26.5"
::1 - - [07/Oct/2020:23:55:52 +0000] "POST /users/register HTTP/1.1" 200 2 "-" "PostmanRuntime/7.26.5"
::1 - - [07/Oct/2020:23:58:23 +0000] "POST /users/register HTTP/1.1" 200 2 "-" "PostmanRuntime/7.26.5"
::1 - - [07/Oct/2020:23:59:08 +0000] "POST /users/login HTTP/1.1" - - "-" "PostmanRuntime/7.26.5"
::1 - - [08/Oct/2020:00:03:11 +0000] "POST /users/login HTTP/1.1" 200 342 "-" "PostmanRuntime/7.26.5"
::1 - - [08/Oct/2020:00:03:46 +0000] "POST /users/login HTTP/1.1" 200 11 "-" "PostmanRuntime/7.26.5"
::1 - - [08/Oct/2020:00:03:57 +0000] "POST /users/check-token HTTP/1.1" 404 157 "-" "PostmanRuntime/7.26.5"
::1 - - [08/Oct/2020:00:04:38 +0000] "POST /users/check-token HTTP/1.1" 404 157 "-" "PostmanRuntime/7.26.5"
::1 - - [08/Oct/2020:00:04:54 +0000] "POST /users/ HTTP/1.1" 404 146 "-" "PostmanRuntime/7.26.5"
::1 - - [08/Oct/2020:00:05:08 +0000] "GET /users/check-token HTTP/1.1" 403 9 "-" "PostmanRuntime/7.26.5"
::1 - - [08/Oct/2020:00:57:39 +0000] "GET /users/login HTTP/1.1" 404 150 "-" "PostmanRuntime/7.26.5"
::1 - - [08/Oct/2020:00:57:54 +0000] "GET /users/login HTTP/1.1" 404 150 "-" "PostmanRuntime/7.26.5"
::1 - - [08/Oct/2020:20:19:06 +0000] "POST /users/login HTTP/1.1" - - "-" "PostmanRuntime/7.26.5"
::1 - - [08/Oct/2020:20:20:09 +0000] "POST /users/login HTTP/1.1" - - "-" "PostmanRuntime/7.26.5"
::1 - - [08/Oct/2020:20:22:08 +0000] "POST /users/login HTTP/1.1" - - "-" "PostmanRuntime/7.26.5"
::1 - - [08/Oct/2020:20:22:53 +0000] "POST /users/login HTTP/1.1" - - "-" "PostmanRuntime/7.26.5"
::1 - - [08/Oct/2020:20:37:20 +0000] "POST /users/login HTTP/1.1" 200 350 "-" "PostmanRuntime/7.26.5"
::1 - - [08/Oct/2020:21:58:10 +0000] "POST /users/register HTTP/1.1" 200 2 "-" "PostmanRuntime/7.26.5"
::1 - - [08/Oct/2020:21:58:40 +0000] "POST /users/login HTTP/1.1" - - "-" "PostmanRuntime/7.26.5"
::1 - - [08/Oct/2020:21:59:37 +0000] "POST /users/login HTTP/1.1" - - "-" "PostmanRuntime/7.26.5"
::1 - - [08/Oct/2020:22:06:41 +0000] "POST /users/login HTTP/1.1" 200 350 "-" "PostmanRuntime/7.26.5"
::1 - - [08/Oct/2020:22:07:00 +0000] "POST /btc-handler/Asim1997 HTTP/1.1" 404 160 "-" "PostmanRuntime/7.26.5"
::1 - - [08/Oct/2020:22:07:22 +0000] "POST /btc-handler/create-wallet/Asim1997 HTTP/1.1" 200 133 "-" "PostmanRuntime/7.26.5"
::1 - - [08/Oct/2020:22:08:52 +0000] "POST /users/login HTTP/1.1" 200 342 "-" "PostmanRuntime/7.26.5"
::1 - - [08/Oct/2020:22:09:23 +0000] "POST /btc-handler/create-wallet/user2 HTTP/1.1" 200 107 "-" "PostmanRuntime/7.26.5"
::1 - - [08/Oct/2020:22:09:44 +0000] "POST /btc-handler/create-wallet/user22 HTTP/1.1" 200 107 "-" "PostmanRuntime/7.26.5"
::1 - - [08/Oct/2020:22:11:59 +0000] "POST /btc-handler/create-wallet/user22908134 HTTP/1.1" 403 9 "-" "PostmanRuntime/7.26.5"
::1 - - [08/Oct/2020:22:13:04 +0000] "POST /users/refresh-token HTTP/1.1" - - "-" "PostmanRuntime/7.26.5"
::1 - - [09/Oct/2020:13:58:39 +0000] "POST /users/register HTTP/1.1" 200 2 "-" "PostmanRuntime/7.26.5"
::1 - - [09/Oct/2020:13:59:09 +0000] "POST /users/login HTTP/1.1" 200 342 "-" "PostmanRuntime/7.26.5"
::1 - - [09/Oct/2020:14:00:05 +0000] "POST /btc-handler/create-wallet/user2 HTTP/1.1" 200 107 "-" "PostmanRuntime/7.26.5"
::1 - - [09/Oct/2020:14:05:54 +0000] "POST /btc-handler/create-wallet/user2 HTTP/1.1" 403 9 "-" "PostmanRuntime/7.26.5"
::1 - - [09/Oct/2020:14:06:38 +0000] "POST /users/register HTTP/1.1" 200 2 "-" "PostmanRuntime/7.26.5"
::1 - - [09/Oct/2020:14:06:48 +0000] "POST /users/login HTTP/1.1" 200 342 "-" "PostmanRuntime/7.26.5"
::1 - - [09/Oct/2020:14:08:27 +0000] "POST /btc-handler/create-wallet/user3 HTTP/1.1" 200 133 "-" "PostmanRuntime/7.26.5"
::1 - - [09/Oct/2020:15:38:26 +0000] "POST /users/register HTTP/1.1" 200 2 "-" "PostmanRuntime/7.26.5"
::1 - - [09/Oct/2020:15:38:33 +0000] "POST /users/login HTTP/1.1" 200 342 "-" "PostmanRuntime/7.26.5"
::1 - - [09/Oct/2020:15:39:28 +0000] "POST /btc-handler/create-wallet/user4 HTTP/1.1" 200 54 "-" "PostmanRuntime/7.26.5"
::1 - - [09/Oct/2020:15:42:15 +0000] "GET /users/refresh-token HTTP/1.1" 404 158 "-" "PostmanRuntime/7.26.5"
::1 - - [09/Oct/2020:15:45:40 +0000] "POST /users/refresh-token HTTP/1.1" - - "-" "PostmanRuntime/7.26.5"
::1 - - [09/Oct/2020:15:50:15 +0000] "POST /users/refresh-token HTTP/1.1" - - "-" "PostmanRuntime/7.26.5"
::1 - - [09/Oct/2020:15:52:03 +0000] "POST /users/refresh-token HTTP/1.1" - - "-" "PostmanRuntime/7.26.5"
::1 - - [09/Oct/2020:15:59:49 +0000] "POST /users/refresh-token HTTP/1.1" - - "-" "PostmanRuntime/7.26.5"
::1 - - [09/Oct/2020:16:00:44 +0000] "POST /users/refresh-token HTTP/1.1" 500 1357 "-" "PostmanRuntime/7.26.5"
::1 - - [09/Oct/2020:16:02:01 +0000] "POST /users/refresh-token HTTP/1.1" - - "-" "PostmanRuntime/7.26.5"
::1 - - [09/Oct/2020:16:02:36 +0000] "POST /users/refresh-token HTTP/1.1" - - "-" "PostmanRuntime/7.26.5"
::1 - - [09/Oct/2020:16:10:23 +0000] "POST /users/refresh-token HTTP/1.1" 500 21 "-" "PostmanRuntime/7.26.5"
::1 - - [09/Oct/2020:16:36:08 +0000] "POST /users/register HTTP/1.1" 200 2 "-" "PostmanRuntime/7.26.5"
::1 - - [09/Oct/2020:16:36:15 +0000] "POST /users/login HTTP/1.1" 200 342 "-" "PostmanRuntime/7.26.5"
::1 - - [09/Oct/2020:16:36:43 +0000] "POST /btc-handler/create-wallet/user5 HTTP/1.1" 200 54 "-" "PostmanRuntime/7.26.5"
::1 - - [09/Oct/2020:16:38:44 +0000] "POST /users/refresh-token HTTP/1.1" 500 21 "-" "PostmanRuntime/7.26.5"
::1 - - [09/Oct/2020:16:39:07 +0000] "POST /users/refresh-token HTTP/1.1" 500 21 "-" "PostmanRuntime/7.26.5"
::1 - - [09/Oct/2020:16:40:09 +0000] "POST /users/refresh-token HTTP/1.1" 500 21 "-" "PostmanRuntime/7.26.5"
::1 - - [09/Oct/2020:16:40:59 +0000] "POST /users/refresh-token HTTP/1.1" - - "-" "PostmanRuntime/7.26.5"
::1 - - [09/Oct/2020:16:41:19 +0000] "POST /users/refresh-token HTTP/1.1" 200 166 "-" "PostmanRuntime/7.26.5"
::1 - - [09/Oct/2020:16:42:09 +0000] "POST /btc-handler/create-wallet/user6 HTTP/1.1" 403 9 "-" "PostmanRuntime/7.26.5"
::1 - - [09/Oct/2020:16:42:24 +0000] "POST /btc-handler/create-wallet/user5 HTTP/1.1" 403 9 "-" "PostmanRuntime/7.26.5"
::1 - - [09/Oct/2020:16:43:42 +0000] "POST /btc-handler/create-wallet/user5 HTTP/1.1" 403 9 "-" "PostmanRuntime/7.26.5"
::1 - - [09/Oct/2020:16:44:10 +0000] "POST /btc-handler/create-wallet/user5 HTTP/1.1" 403 9 "-" "PostmanRuntime/7.26.5"
::1 - - [09/Oct/2020:16:44:57 +0000] "POST /btc-handler/create-wallet/user5 HTTP/1.1" 403 9 "-" "PostmanRuntime/7.26.5"
::1 - - [09/Oct/2020:16:47:00 +0000] "POST /users/register HTTP/1.1" 200 2 "-" "PostmanRuntime/7.26.5"
::1 - - [09/Oct/2020:16:47:15 +0000] "POST /users/login HTTP/1.1" 200 342 "-" "PostmanRuntime/7.26.5"
::1 - - [09/Oct/2020:16:47:56 +0000] "POST /btc-handler/create-wallet/user8 HTTP/1.1" 200 54 "-" "PostmanRuntime/7.26.5"
::1 - - [09/Oct/2020:16:52:40 +0000] "GET /users/check-token HTTP/1.1" 403 9 "-" "PostmanRuntime/7.26.5"
::1 - - [09/Oct/2020:16:53:03 +0000] "GET /users/check-token HTTP/1.1" 403 9 "-" "PostmanRuntime/7.26.5"
::1 - - [09/Oct/2020:16:53:26 +0000] "POST /users/refresh-token HTTP/1.1" 200 166 "-" "PostmanRuntime/7.26.5"
::1 - - [09/Oct/2020:16:53:40 +0000] "GET /users/check-token HTTP/1.1" 200 45 "-" "PostmanRuntime/7.26.5"
::1 - - [12/Oct/2020:19:45:21 +0000] "POST /users/logout HTTP/1.1" 200 42 "-" "PostmanRuntime/7.26.5"
::1 - - [13/Oct/2020:17:47:32 +0000] "POST /users/register HTTP/1.1" 200 45 "-" "PostmanRuntime/7.26.5"
::1 - - [13/Oct/2020:17:51:05 +0000] "POST /users/register HTTP/1.1" 200 2 "-" "PostmanRuntime/7.26.5"
::1 - - [13/Oct/2020:17:51:37 +0000] "POST /users/login HTTP/1.1" 200 342 "-" "PostmanRuntime/7.26.5"
::1 - - [13/Oct/2020:17:52:35 +0000] "GET /btc-handler/create-wallet/user9 HTTP/1.1" 404 170 "-" "PostmanRuntime/7.26.5"
::1 - - [13/Oct/2020:17:52:52 +0000] "POST /btc-handler/create-wallet/user9 HTTP/1.1" 200 107 "-" "PostmanRuntime/7.26.5"
::1 - - [13/Oct/2020:17:55:19 +0000] "POST /btc-handler/create-wallet/user9 HTTP/1.1" 200 107 "-" "PostmanRuntime/7.26.5"
::1 - - [13/Oct/2020:17:55:52 +0000] "POST /users/register HTTP/1.1" 200 2 "-" "PostmanRuntime/7.26.5"
::1 - - [13/Oct/2020:17:56:00 +0000] "POST /users/login HTTP/1.1" 200 346 "-" "PostmanRuntime/7.26.5"
::1 - - [13/Oct/2020:17:56:48 +0000] "POST /btc-handler/create-wallet/user91 HTTP/1.1" 200 107 "-" "PostmanRuntime/7.26.5"
::1 - - [13/Oct/2020:18:05:43 +0000] "POST /btc-handler/create-wallet/user91 HTTP/1.1" 403 9 "-" "PostmanRuntime/7.26.5"
::1 - - [13/Oct/2020:18:06:29 +0000] "POST /users/refresh-token HTTP/1.1" 200 168 "-" "PostmanRuntime/7.26.5"
::1 - - [13/Oct/2020:18:07:07 +0000] "POST /btc-handler/create-wallet/user91 HTTP/1.1" 200 107 "-" "PostmanRuntime/7.26.5"
::1 - - [13/Oct/2020:18:09:35 +0000] "POST /btc-handler/create-wallet/user91 HTTP/1.1" 200 - "-" "PostmanRuntime/7.26.5"
::1 - - [13/Oct/2020:18:10:48 +0000] "POST /btc-handler/create-wallet/user91 HTTP/1.1" 200 - "-" "PostmanRuntime/7.26.5"
::1 - - [13/Oct/2020:18:21:35 +0000] "POST /btc-handler/create-wallet/user91 HTTP/1.1" 200 54 "-" "PostmanRuntime/7.26.5"
::1 - - [13/Oct/2020:18:34:54 +0000] "POST /btc-handler/create-wallet/user91 HTTP/1.1" 200 94 "-" "PostmanRuntime/7.26.5"
::1 - - [13/Oct/2020:18:36:33 +0000] "POST /btc-handler/create-wallet/user91 HTTP/1.1" 403 9 "-" "PostmanRuntime/7.26.5"
::1 - - [13/Oct/2020:18:38:30 +0000] "POST /users/refresh-token HTTP/1.1" 500 21 "-" "PostmanRuntime/7.26.5"
::1 - - [13/Oct/2020:18:38:40 +0000] "POST /users/refresh-token HTTP/1.1" 500 21 "-" "PostmanRuntime/7.26.5"
::1 - - [13/Oct/2020:18:39:22 +0000] "POST /btc-handler/create-wallet/user91 HTTP/1.1" 200 94 "-" "PostmanRuntime/7.26.5"
::1 - - [14/Oct/2020:00:17:29 +0000] "POST /btc-handler/send-to-escrow HTTP/1.1" 200 - "-" "PostmanRuntime/7.26.5"
::1 - - [14/Oct/2020:00:18:29 +0000] "POST /btc-handler/send-to-escrow HTTP/1.1" 200 - "-" "PostmanRuntime/7.26.5"
::1 - - [14/Oct/2020:00:18:39 +0000] "POST /btc-handler/send-to-escrow HTTP/1.1" 200 - "-" "PostmanRuntime/7.26.5"
::1 - - [14/Oct/2020:00:19:14 +0000] "POST /btc-handler/send-to-escrow HTTP/1.1" 200 - "-" "PostmanRuntime/7.26.5"
::1 - - [14/Oct/2020:00:21:31 +0000] "POST /btc-handler/send-to-escrow HTTP/1.1" 200 - "-" "PostmanRuntime/7.26.5"
::1 - - [14/Oct/2020:00:21:54 +0000] "POST /btc-handler/send-to-escrow HTTP/1.1" 200 - "-" "PostmanRuntime/7.26.5"
::1 - - [14/Oct/2020:16:52:15 +0000] "GET /btc-handler/priceless1200 HTTP/1.1" 404 164 "-" "curl/7.64.1"
::1 - - [14/Oct/2020:16:53:42 +0000] "GET /btc-handler/test-encryption/priceless1200 HTTP/1.1" - - "-" "curl/7.64.1"
::1 - - [14/Oct/2020:16:56:34 +0000] "GET /btc-handler/test-encryption/priceless1200 HTTP/1.1" - - "-" "curl/7.64.1"
::1 - - [14/Oct/2020:16:57:30 +0000] "GET /btc-handler/test-encryption/priceless1200 HTTP/1.1" - - "-" "curl/7.64.1"
::1 - - [14/Oct/2020:16:59:55 +0000] "GET /btc-handler/test-encryption/priceless1200 HTTP/1.1" 200 56 "-" "curl/7.64.1"
::1 - - [14/Oct/2020:17:23:56 +0000] "GET /btc-handler/test-encryption/priceless1200 HTTP/1.1" 200 56 "-" "curl/7.64.1"
::1 - - [14/Oct/2020:17:57:47 +0000] "GET /btc-handler/test-encryption/priceless1200 HTTP/1.1" 200 64 "-" "curl/7.64.1"
::1 - - [14/Oct/2020:19:34:13 +0000] "GET /btc-handler/test-encryption/priceless1200clear HTTP/1.1" 200 96 "-" "curl/7.64.1"
::1 - - [14/Oct/2020:19:34:45 +0000] "GET /btc-handler/create-wallet/user91 HTTP/1.1" 404 171 "-" "curl/7.64.1"
::1 - - [14/Oct/2020:19:35:35 +0000] "POST /btc-handler/create-wallet/user91 HTTP/1.1" 200 94 "-" "curl/7.64.1"
::1 - - [14/Oct/2020:19:46:00 +0000] "POST /btc-handler/create-wallet/user92 HTTP/1.1" 200 54 "-" "curl/7.64.1"
::1 - - [14/Oct/2020:20:07:55 +0000] "POST /btc-handler/check-encryption/6b9f1b1bc3c1c6a085576bf671c544eb66e93a21b9849570121a3b25b9a76492206a035312fef4eea43817ae0d75bfc171ee8dd2a2baf6c352d57ece979a8d9ddce69e775d0f92abf058a668e4739c2c HTTP/1.1" 404 329 "-" "curl/7.64.1"
::1 - - [14/Oct/2020:20:08:13 +0000] "POST /btc-handler/check-encryption/6b9f1b1bc3c1c6a085576bf671c544eb66e93a21b9849570121a3b25b9a76492206a035312fef4eea43817ae0d75bfc171ee8dd2a2baf6c352d57ece979a8d9ddce69e775d0f92abf058a668e4739c2c HTTP/1.1" 404 329 "-" "curl/7.64.1"
::1 - - [14/Oct/2020:20:09:29 +0000] "POST /btc-handler/test-encryption/6b9f1b1bc3c1c6a085576bf671c544eb66e93a21b9849570121a3b25b9a76492206a035312fef4eea43817ae0d75bfc171ee8dd2a2baf6c352d57ece979a8d9ddce69e775d0f92abf058a668e4739c2c HTTP/1.1" 200 80 "-" "curl/7.64.1"
::1 - - [14/Oct/2020:22:25:12 +0000] "POST /btc-handler/test-encryption/priceless1200 HTTP/1.1" 200 - "-" "curl/7.64.1"
::1 - - [14/Oct/2020:22:27:04 +0000] "POST /btc-handler/test-encryption/priceless1200 HTTP/1.1" 200 - "-" "curl/7.64.1"
::1 - - [14/Oct/2020:22:27:32 +0000] "POST /btc-handler/test-encryption/priceless1200 HTTP/1.1" 200 - "-" "curl/7.64.1"
::1 - - [14/Oct/2020:22:32:44 +0000] "POST /btc-handler/test-encryption/priceless1200 HTTP/1.1" 200 32 "-" "curl/7.64.1"
::1 - - [14/Oct/2020:22:34:16 +0000] "POST /btc-handler/test-decryption/6c28bca711b95415d48b371f24cd4de8 HTTP/1.1" 200 13 "-" "curl/7.64.1"
::1 - - [14/Oct/2020:22:34:38 +0000] "POST /btc-handler/test-decryption/6c28bca711b95415d48b371f24cd4de8 HTTP/1.1" 200 13 "-" "curl/7.64.1"
::1 - - [14/Oct/2020:22:44:34 +0000] "POST /btc-handler/test-decryption/6c28bca711b95415d48b371f24cd4de8 HTTP/1.1" 200 13 "-" "curl/7.64.1"
::1 - - [14/Oct/2020:22:45:23 +0000] "POST /btc-handler/test-encryption/MisaBaby100 HTTP/1.1" 200 32 "-" "curl/7.64.1"
::1 - - [14/Oct/2020:22:45:38 +0000] "POST /btc-handler/test-decryption/e5ac7ee7f5caeefdb5fe215348d189c1 HTTP/1.1" 200 11 "-" "curl/7.64.1"
::1 - - [14/Oct/2020:22:45:42 +0000] "POST /btc-handler/test-decryption/6c28bca711b95415d48b371f24cd4de8 HTTP/1.1" 200 13 "-" "curl/7.64.1"
::1 - - [14/Oct/2020:22:53:22 +0000] "POST /btc-handler/create-wallet/user93 HTTP/1.1" 200 - "-" "curl/7.64.1"
::1 - - [14/Oct/2020:22:55:14 +0000] "POST /btc-handler/create-wallet/user94 HTTP/1.1" 200 - "-" "curl/7.64.1"
::1 - - [14/Oct/2020:22:56:18 +0000] "POST /btc-handler/create-wallet/user95 HTTP/1.1" 200 54 "-" "curl/7.64.1"
::1 - - [16/Oct/2020:03:51:56 +0000] "POST /users/register HTTP/1.1" 200 2 "-" "PostmanRuntime/7.26.5"
::1 - - [16/Oct/2020:03:52:28 +0000] "POST /users/login HTTP/1.1" 200 346 "-" "PostmanRuntime/7.26.5"
::1 - - [16/Oct/2020:03:52:55 +0000] "POST /btc-handler/create-wallet/Master HTTP/1.1" 200 94 "-" "PostmanRuntime/7.26.5"
::1 - - [16/Oct/2020:03:55:35 +0000] "POST /btc-handler/create-wallet/Master HTTP/1.1" 200 54 "-" "PostmanRuntime/7.26.5"
::1 - - [16/Oct/2020:03:58:40 +0000] "POST /btc-handler/create-wallet/Master HTTP/1.1" 200 54 "-" "PostmanRuntime/7.26.5"
::1 - - [16/Oct/2020:04:01:04 +0000] "POST /users/register HTTP/1.1" 200 2 "-" "PostmanRuntime/7.26.5"
::1 - - [16/Oct/2020:04:01:36 +0000] "POST /users/register HTTP/1.1" 200 2 "-" "PostmanRuntime/7.26.5"
::1 - - [16/Oct/2020:04:03:14 +0000] "POST /btc-handler/create-wallet/user1 HTTP/1.1" 200 54 "-" "PostmanRuntime/7.26.5"
::1 - - [16/Oct/2020:04:03:35 +0000] "POST /btc-handler/create-wallet/user2 HTTP/1.1" 200 54 "-" "PostmanRuntime/7.26.5"
::1 - - [16/Oct/2020:04:15:09 +0000] "POST /btc-handler/send-to-escrow HTTP/1.1" 200 21 "-" "PostmanRuntime/7.26.5"
::1 - - [16/Oct/2020:04:18:46 +0000] "POST /btc-handler/send-to-escrow HTTP/1.1" 200 21 "-" "PostmanRuntime/7.26.5"
::1 - - [16/Oct/2020:04:25:50 +0000] "POST /btc-handler/send-to-escrow HTTP/1.1" 200 21 "-" "PostmanRuntime/7.26.5"
